2019-02-11 10:06:08,172 INFO  [Log] Application Login Successfully 
2019-02-11 10:06:12,648 INFO  [Log] Application Logout Successfully 
2019-02-11 10:06:15,035 INFO  [Log] Browser Closed 
2019-02-11 10:18:31,147 INFO  [Log] Browser Opened Successfully 
2019-02-11 10:18:43,945 INFO  [Log] Application Login Successfully 
2019-02-11 10:18:46,766 INFO  [Log] ScreenShot Successful 
2019-02-11 10:18:51,634 INFO  [Log] Application Logout Successfully 
2019-02-11 10:18:53,986 INFO  [Log] Browser Closed 
2019-02-11 12:13:33,978 INFO  [Log] Browser Opened Successfully 
2019-02-11 12:14:13,266 INFO  [Log] Application Login Successfully 
2019-02-11 12:14:16,326 INFO  [Log] ScreenShot Successful 
2019-02-11 12:14:20,864 INFO  [Log] Application Logout Successfully 
2019-02-11 12:14:24,520 INFO  [Log] Browser Closed 
2019-02-11 12:34:46,311 INFO  [Log] Browser Opened Successfully 
2019-02-11 12:35:08,077 INFO  [Log] Application Login Successfully 
2019-02-11 12:35:11,062 INFO  [Log] ScreenShot Successful 
2019-02-11 12:42:55,012 INFO  [Log] Browser Opened Successfully 
2019-02-11 12:43:18,821 INFO  [Log] Application Login Successfully 
2019-02-11 12:43:21,510 INFO  [Log] ScreenShot Successful 
2019-02-11 12:43:26,431 INFO  [Log] Application Logout Successfully 
2019-02-11 12:43:28,705 INFO  [Log] Browser Closed 
2019-02-11 15:12:36,018 INFO  [Log] Browser Opened Successfully 
2019-02-11 15:12:59,187 INFO  [Log] Application Login Successfully 
2019-02-11 15:13:01,947 INFO  [Log] ScreenShot Successful 
2019-02-11 15:13:07,045 INFO  [Log] Application Logout Successfully 
2019-02-11 15:13:09,556 INFO  [Log] Browser Closed 
2019-02-11 15:26:46,501 INFO  [Log] Browser Opened Successfully 
2019-02-11 15:27:09,802 INFO  [Log] Application Login Successfully 
2019-02-11 15:27:12,780 INFO  [Log] ScreenShot Successful 
2019-02-11 15:27:18,500 INFO  [Log] Application Logout Successfully 
2019-02-11 15:27:21,012 INFO  [Log] Browser Closed 
